<?xml version="1.0" encoding="UTF-8"?>
<!-- Generated by org.testng.reporters.JUnitReportReporter -->
<testsuite hostname="DESKTOP-KJBN7L5" failures="0" tests="2" name="MavenIntroduction.SeleniumFramework.MapHash" time="12.009" errors="0" timestamp="2023-02-07T12:50:29 IST" skipped="0">
  <testcase classname="MavenIntroduction.SeleniumFramework.MapHash" name="submitOrder" time="6.350"/>
  <system-out/>
  <testcase classname="MavenIntroduction.SeleniumFramework.MapHash" name="submitOrder" time="5.659"/>
  <system-out/>
</testsuite> <!-- MavenIntroduction.SeleniumFramework.MapHash -->
