<?xml version="1.0" encoding="UTF-8"?>
<!-- Generated by org.testng.reporters.JUnitReportReporter -->
<testsuite hostname="DESKTOP-KJBN7L5" failures="0" tests="2" name="MavenIntroduction.SeleniumFramework.PlaceOrderTest" time="15.617" errors="0" timestamp="2023-02-08T18:22:15 IST" skipped="0">
  <testcase classname="MavenIntroduction.SeleniumFramework.PlaceOrderTest" name="OrderHistory" time="8.088"/>
  <system-out/>
  <testcase classname="MavenIntroduction.SeleniumFramework.PlaceOrderTest" name="submitOrder" time="7.529"/>
  <system-out/>
</testsuite> <!-- MavenIntroduction.SeleniumFramework.PlaceOrderTest -->
