<?xml version="1.0" encoding="UTF-8"?>
<!-- Generated by org.testng.reporters.JUnitReportReporter -->
<testsuite hostname="DESKTOP-KJBN7L5" failures="0" tests="1" name="cucumber.TestNGTestRunner" time="26.840" errors="0" timestamp="10 Feb 2023 11:20:12 GMT" skipped="0">
  <testcase classname="cucumber.TestNGTestRunner" name="runScenario" time="26.840"/>
</testsuite> <!-- cucumber.TestNGTestRunner -->
