<?xml version="1.0" encoding="UTF-8"?>
<!-- Generated by org.testng.reporters.JUnitReportReporter -->
<testsuite hostname="DESKTOP-KJBN7L5" failures="0" tests="1" name="MavenIntroduction.SeleniumFramework.ErrorValidation" time="5.447" errors="0" timestamp="2023-02-06T18:06:00 IST" skipped="0">
  <testcase classname="MavenIntroduction.SeleniumFramework.ErrorValidation" name="submit" time="5.447"/>
  <system-out/>
</testsuite> <!-- MavenIntroduction.SeleniumFramework.ErrorValidation -->
