<?xml version="1.0" encoding="UTF-8"?>
<!-- Generated by org.testng.reporters.JUnitReportReporter -->
<testsuite hostname="DESKTOP-KJBN7L5" failures="0" tests="2" name="MavenIntroduction.SeleniumFramework.ReadData" time="11.983" errors="0" timestamp="2023-02-08T12:30:33 IST" skipped="0">
  <testcase classname="MavenIntroduction.SeleniumFramework.ReadData" name="submitOrder" time="5.926"/>
  <system-out/>
  <testcase classname="MavenIntroduction.SeleniumFramework.ReadData" name="submitOrder" time="6.057"/>
  <system-out/>
</testsuite> <!-- MavenIntroduction.SeleniumFramework.ReadData -->
