<?xml version="1.0" encoding="UTF-8"?>
<!-- Generated by org.testng.reporters.JUnitReportReporter -->
<testsuite hostname="DESKTOP-KJBN7L5" failures="0" tests="1" name="MavenIntroduction.SeleniumFramework.PlaceOrder" time="6.022" errors="0" timestamp="2023-02-06T17:53:12 IST" skipped="0">
  <testcase classname="MavenIntroduction.SeleniumFramework.PlaceOrder" name="submitOrder" time="6.022"/>
  <system-out/>
</testsuite> <!-- MavenIntroduction.SeleniumFramework.PlaceOrder -->
