<?xml version="1.0" encoding="UTF-8"?>
<!-- Generated by org.testng.reporters.JUnitReportReporter -->
<testsuite hostname="DESKTOP-KJBN7L5" failures="0" tests="2" name="MavenIntroduction.SeleniumFramework.DataProv" time="17.286" errors="0" timestamp="2023-02-08T12:26:50 IST" skipped="0">
  <testcase classname="MavenIntroduction.SeleniumFramework.DataProv" name="submitOrder" time="9.115"/>
  <system-out/>
  <testcase classname="MavenIntroduction.SeleniumFramework.DataProv" name="submitOrder" time="8.171"/>
  <system-out/>
</testsuite> <!-- MavenIntroduction.SeleniumFramework.DataProv -->
