<?xml version="1.0" encoding="UTF-8"?>
<!-- Generated by org.testng.reporters.JUnitReportReporter -->
<testsuite hostname="DESKTOP-KJBN7L5" failures="0" tests="2" name="MavenIntroduction.SeleniumFramework.DataProv" time="13.348" errors="0" timestamp="10 Feb 2023 11:24:52 GMT" skipped="0">
  <testcase classname="MavenIntroduction.SeleniumFramework.DataProv" name="submitOrder" time="5.659"/>
  <testcase classname="MavenIntroduction.SeleniumFramework.DataProv" name="submitOrder" time="7.689"/>
</testsuite> <!-- MavenIntroduction.SeleniumFramework.DataProv -->
