<?xml version="1.0" encoding="UTF-8"?>
<!-- Generated by org.testng.reporters.JUnitReportReporter -->
<testsuite hostname="DESKTOP-KJBN7L5" failures="0" tests="2" name="MavenIntroduction.SeleniumFramework.PlaceOrderTest" time="47.795" errors="0" timestamp="09 Feb 2023 12:17:42 GMT" skipped="0">
  <testcase classname="MavenIntroduction.SeleniumFramework.PlaceOrderTest" name="OrderHistory" time="24.890"/>
  <testcase classname="MavenIntroduction.SeleniumFramework.PlaceOrderTest" name="submitOrder" time="22.905"/>
</testsuite> <!-- MavenIntroduction.SeleniumFramework.PlaceOrderTest -->
